ChkTeX v1.7.6 - Copyright 1995-96 Jens T. Berger Thielemann.
Compiled with PCRE regex support.
No errors printed; No warnings printed; 25 user suppressed warnings; No line suppressed warnings.
Rc files read:
  /usr/local/share/latexmk/LatexMk
Latexmk: This is Latexmk, John Collins, 17 Apr. 2020, version: 4.69a.
Latexmk: Changing directory to '/compile/'
Rule 'pdflatex': File changes, etc:
   Changed files, or newly in use since previous run(s):
      'main.tex'
------------
Run number 1 of rule 'pdflatex'
------------
------------
Running 'pdflatex  -synctex=1 -interaction=batchmode -recorder -output-directory="/compile" --jobname="output"  "main.tex"'
------------
Latexmk: Log file says output to 'output.pdf'
Collected error summary (may duplicate other messages):
  pdflatex: Command for 'pdflatex' gave return code 1
      Refer to '/compile/output.log' for details
Latexmk: Undoing directory change
